2019-10-27 16:12:30 - PHP Warning:  mysqli::__construct(): (HY000/1045): Access denied for user 'sockucom'@'localhost' (using password: NO) in C:\xampp\htdocs\Shop\upload\system\library\db\mysqli.php on line 7
2019-10-27 16:12:30 - PHP Warning:  DB\MySQLi::__construct(): Couldn't fetch mysqli in C:\xampp\htdocs\Shop\upload\system\library\db\mysqli.php on line 10
2019-10-27 16:12:30 - PHP Warning:  DB\MySQLi::__construct(): Couldn't fetch mysqli in C:\xampp\htdocs\Shop\upload\system\library\db\mysqli.php on line 10
2019-10-27 16:12:30 - PHP Notice:  Undefined variable: mysql in C:\xampp\htdocs\Shop\upload\install\controller\install\step_3.php on line 280
2019-10-27 16:12:30 - PHP Notice:  Trying to get property 'connect_error' of non-object in C:\xampp\htdocs\Shop\upload\install\controller\install\step_3.php on line 280
2019-10-27 16:12:43 - PHP Warning:  mysqli::__construct(): (HY000/1045): Access denied for user 'sockucom'@'localhost' (using password: YES) in C:\xampp\htdocs\Shop\upload\system\library\db\mysqli.php on line 7
2019-10-27 16:12:43 - PHP Warning:  DB\MySQLi::__construct(): Couldn't fetch mysqli in C:\xampp\htdocs\Shop\upload\system\library\db\mysqli.php on line 10
2019-10-27 16:12:43 - PHP Warning:  DB\MySQLi::__construct(): Couldn't fetch mysqli in C:\xampp\htdocs\Shop\upload\system\library\db\mysqli.php on line 10
2019-10-27 16:12:43 - PHP Notice:  Undefined variable: mysql in C:\xampp\htdocs\Shop\upload\install\controller\install\step_3.php on line 280
2019-10-27 16:12:43 - PHP Notice:  Trying to get property 'connect_error' of non-object in C:\xampp\htdocs\Shop\upload\install\controller\install\step_3.php on line 280
2019-10-27 16:12:55 - PHP Warning:  mysqli::__construct(): (HY000/1045): Access denied for user 'sockucom'@'localhost' (using password: YES) in C:\xampp\htdocs\Shop\upload\system\library\db\mysqli.php on line 7
2019-10-27 16:12:55 - PHP Warning:  DB\MySQLi::__construct(): Couldn't fetch mysqli in C:\xampp\htdocs\Shop\upload\system\library\db\mysqli.php on line 10
2019-10-27 16:12:55 - PHP Warning:  DB\MySQLi::__construct(): Couldn't fetch mysqli in C:\xampp\htdocs\Shop\upload\system\library\db\mysqli.php on line 10
2019-10-27 16:12:55 - PHP Notice:  Undefined variable: mysql in C:\xampp\htdocs\Shop\upload\install\controller\install\step_3.php on line 280
2019-10-27 16:12:55 - PHP Notice:  Trying to get property 'connect_error' of non-object in C:\xampp\htdocs\Shop\upload\install\controller\install\step_3.php on line 280
2019-10-27 16:21:34 - PHP Warning:  mysqli::__construct(): (HY000/1045): Access denied for user 'sockucom'@'localhost' (using password: NO) in C:\xampp\htdocs\Shop\upload\system\library\db\mysqli.php on line 7
2019-10-27 16:21:34 - PHP Warning:  DB\MySQLi::__construct(): Couldn't fetch mysqli in C:\xampp\htdocs\Shop\upload\system\library\db\mysqli.php on line 10
2019-10-27 16:21:34 - PHP Warning:  DB\MySQLi::__construct(): Couldn't fetch mysqli in C:\xampp\htdocs\Shop\upload\system\library\db\mysqli.php on line 10
2019-10-27 16:21:34 - PHP Notice:  Undefined variable: mysql in C:\xampp\htdocs\Shop\upload\install\controller\install\step_3.php on line 280
2019-10-27 16:21:34 - PHP Notice:  Trying to get property 'connect_error' of non-object in C:\xampp\htdocs\Shop\upload\install\controller\install\step_3.php on line 280
2019-10-27 16:24:43 - PHP Warning:  mysqli::__construct(): php_network_getaddresses: getaddrinfo failed: No such host is known.  in C:\xampp\htdocs\Shop\upload\system\library\db\mysqli.php on line 7
2019-10-27 16:24:43 - PHP Warning:  mysqli::__construct(): (HY000/2002): php_network_getaddresses: getaddrinfo failed: No such host is known.  in C:\xampp\htdocs\Shop\upload\system\library\db\mysqli.php on line 7
2019-10-27 16:24:43 - PHP Warning:  DB\MySQLi::__construct(): Couldn't fetch mysqli in C:\xampp\htdocs\Shop\upload\system\library\db\mysqli.php on line 10
2019-10-27 16:24:43 - PHP Warning:  DB\MySQLi::__construct(): Couldn't fetch mysqli in C:\xampp\htdocs\Shop\upload\system\library\db\mysqli.php on line 10
2019-10-27 16:24:43 - PHP Notice:  Undefined variable: mysql in C:\xampp\htdocs\Shop\upload\install\controller\install\step_3.php on line 280
2019-10-27 16:24:43 - PHP Notice:  Trying to get property 'connect_error' of non-object in C:\xampp\htdocs\Shop\upload\install\controller\install\step_3.php on line 280
2019-10-27 16:26:45 - PHP Warning:  mysqli::__construct(): php_network_getaddresses: getaddrinfo failed: No such host is known.  in C:\xampp\htdocs\Shop\upload\system\library\db\mysqli.php on line 7
2019-10-27 16:26:45 - PHP Warning:  mysqli::__construct(): (HY000/2002): php_network_getaddresses: getaddrinfo failed: No such host is known.  in C:\xampp\htdocs\Shop\upload\system\library\db\mysqli.php on line 7
2019-10-27 16:26:45 - PHP Warning:  DB\MySQLi::__construct(): Couldn't fetch mysqli in C:\xampp\htdocs\Shop\upload\system\library\db\mysqli.php on line 10
2019-10-27 16:26:45 - PHP Warning:  DB\MySQLi::__construct(): Couldn't fetch mysqli in C:\xampp\htdocs\Shop\upload\system\library\db\mysqli.php on line 10
2019-10-27 16:26:45 - PHP Notice:  Undefined variable: mysql in C:\xampp\htdocs\Shop\upload\install\controller\install\step_3.php on line 280
2019-10-27 16:26:45 - PHP Notice:  Trying to get property 'connect_error' of non-object in C:\xampp\htdocs\Shop\upload\install\controller\install\step_3.php on line 280
2019-10-27 16:26:58 - PHP Warning:  mysqli::__construct(): php_network_getaddresses: getaddrinfo failed: No such host is known.  in C:\xampp\htdocs\Shop\upload\system\library\db\mysqli.php on line 7
2019-10-27 16:26:58 - PHP Warning:  mysqli::__construct(): (HY000/2002): php_network_getaddresses: getaddrinfo failed: No such host is known.  in C:\xampp\htdocs\Shop\upload\system\library\db\mysqli.php on line 7
2019-10-27 16:26:58 - PHP Warning:  DB\MySQLi::__construct(): Couldn't fetch mysqli in C:\xampp\htdocs\Shop\upload\system\library\db\mysqli.php on line 10
2019-10-27 16:26:58 - PHP Warning:  DB\MySQLi::__construct(): Couldn't fetch mysqli in C:\xampp\htdocs\Shop\upload\system\library\db\mysqli.php on line 10
2019-10-27 16:26:58 - PHP Notice:  Undefined variable: mysql in C:\xampp\htdocs\Shop\upload\install\controller\install\step_3.php on line 280
2019-10-27 16:26:58 - PHP Notice:  Trying to get property 'connect_error' of non-object in C:\xampp\htdocs\Shop\upload\install\controller\install\step_3.php on line 280
2019-10-27 16:28:21 - PHP Warning:  mysqli::__construct(): php_network_getaddresses: getaddrinfo failed: No such host is known.  in C:\xampp\htdocs\Shop\upload\system\library\db\mysqli.php on line 7
2019-10-27 16:28:21 - PHP Warning:  mysqli::__construct(): (HY000/2002): php_network_getaddresses: getaddrinfo failed: No such host is known.  in C:\xampp\htdocs\Shop\upload\system\library\db\mysqli.php on line 7
2019-10-27 16:28:21 - PHP Warning:  DB\MySQLi::__construct(): Couldn't fetch mysqli in C:\xampp\htdocs\Shop\upload\system\library\db\mysqli.php on line 10
2019-10-27 16:28:21 - PHP Warning:  DB\MySQLi::__construct(): Couldn't fetch mysqli in C:\xampp\htdocs\Shop\upload\system\library\db\mysqli.php on line 10
2019-10-27 16:28:21 - PHP Notice:  Undefined variable: mysql in C:\xampp\htdocs\Shop\upload\install\controller\install\step_3.php on line 280
2019-10-27 16:28:21 - PHP Notice:  Trying to get property 'connect_error' of non-object in C:\xampp\htdocs\Shop\upload\install\controller\install\step_3.php on line 280
2019-10-27 16:28:56 - PHP Warning:  mysqli::__construct(): (HY000/2002): No connection could be made because the target machine actively refused it.
 in C:\xampp\htdocs\Shop\upload\system\library\db\mysqli.php on line 7
2019-10-27 16:28:56 - PHP Warning:  DB\MySQLi::__construct(): Couldn't fetch mysqli in C:\xampp\htdocs\Shop\upload\system\library\db\mysqli.php on line 10
2019-10-27 16:28:56 - PHP Warning:  DB\MySQLi::__construct(): Couldn't fetch mysqli in C:\xampp\htdocs\Shop\upload\system\library\db\mysqli.php on line 10
2019-10-27 16:28:56 - PHP Notice:  Undefined variable: mysql in C:\xampp\htdocs\Shop\upload\install\controller\install\step_3.php on line 280
2019-10-27 16:28:56 - PHP Notice:  Trying to get property 'connect_error' of non-object in C:\xampp\htdocs\Shop\upload\install\controller\install\step_3.php on line 280
2019-10-27 16:30:36 - PHP Warning:  mysqli::__construct(): (HY000/1045): Access denied for user 'sockucom'@'localhost' (using password: NO) in C:\xampp\htdocs\Shop\upload\system\library\db\mysqli.php on line 7
2019-10-27 16:30:36 - PHP Warning:  DB\MySQLi::__construct(): Couldn't fetch mysqli in C:\xampp\htdocs\Shop\upload\system\library\db\mysqli.php on line 10
2019-10-27 16:30:36 - PHP Warning:  DB\MySQLi::__construct(): Couldn't fetch mysqli in C:\xampp\htdocs\Shop\upload\system\library\db\mysqli.php on line 10
2019-10-27 16:30:36 - PHP Notice:  Undefined variable: mysql in C:\xampp\htdocs\Shop\upload\install\controller\install\step_3.php on line 280
2019-10-27 16:30:36 - PHP Notice:  Trying to get property 'connect_error' of non-object in C:\xampp\htdocs\Shop\upload\install\controller\install\step_3.php on line 280
2019-10-27 16:31:59 - PHP Warning:  mysqli::__construct(): (HY000/1045): Access denied for user 'root@localhost'@'localhost' (using password: NO) in C:\xampp\htdocs\Shop\upload\system\library\db\mysqli.php on line 7
2019-10-27 16:31:59 - PHP Warning:  DB\MySQLi::__construct(): Couldn't fetch mysqli in C:\xampp\htdocs\Shop\upload\system\library\db\mysqli.php on line 10
2019-10-27 16:31:59 - PHP Warning:  DB\MySQLi::__construct(): Couldn't fetch mysqli in C:\xampp\htdocs\Shop\upload\system\library\db\mysqli.php on line 10
2019-10-27 16:31:59 - PHP Notice:  Undefined variable: mysql in C:\xampp\htdocs\Shop\upload\install\controller\install\step_3.php on line 280
2019-10-27 16:31:59 - PHP Notice:  Trying to get property 'connect_error' of non-object in C:\xampp\htdocs\Shop\upload\install\controller\install\step_3.php on line 280
2019-10-27 16:34:08 - PHP Warning:  mysqli::__construct(): php_network_getaddresses: getaddrinfo failed: No such host is known.  in C:\xampp\htdocs\Shop\upload\system\library\db\mysqli.php on line 7
2019-10-27 16:34:08 - PHP Warning:  mysqli::__construct(): (HY000/2002): php_network_getaddresses: getaddrinfo failed: No such host is known.  in C:\xampp\htdocs\Shop\upload\system\library\db\mysqli.php on line 7
2019-10-27 16:34:08 - PHP Warning:  DB\MySQLi::__construct(): Couldn't fetch mysqli in C:\xampp\htdocs\Shop\upload\system\library\db\mysqli.php on line 10
2019-10-27 16:34:08 - PHP Warning:  DB\MySQLi::__construct(): Couldn't fetch mysqli in C:\xampp\htdocs\Shop\upload\system\library\db\mysqli.php on line 10
2019-10-27 16:34:08 - PHP Notice:  Undefined variable: mysql in C:\xampp\htdocs\Shop\upload\install\controller\install\step_3.php on line 280
2019-10-27 16:34:08 - PHP Notice:  Trying to get property 'connect_error' of non-object in C:\xampp\htdocs\Shop\upload\install\controller\install\step_3.php on line 280
2019-10-27 16:42:12 - PHP Warning:  mysqli::__construct(): php_network_getaddresses: getaddrinfo failed: No such host is known.  in C:\xampp\htdocs\Shop\upload\system\library\db\mysqli.php on line 7
2019-10-27 16:42:12 - PHP Warning:  mysqli::__construct(): (HY000/2002): php_network_getaddresses: getaddrinfo failed: No such host is known.  in C:\xampp\htdocs\Shop\upload\system\library\db\mysqli.php on line 7
2019-10-27 16:42:12 - PHP Warning:  DB\MySQLi::__construct(): Couldn't fetch mysqli in C:\xampp\htdocs\Shop\upload\system\library\db\mysqli.php on line 10
2019-10-27 16:42:12 - PHP Warning:  DB\MySQLi::__construct(): Couldn't fetch mysqli in C:\xampp\htdocs\Shop\upload\system\library\db\mysqli.php on line 10
2019-10-27 16:42:12 - PHP Notice:  Undefined variable: mysql in C:\xampp\htdocs\Shop\upload\install\controller\install\step_3.php on line 280
2019-10-27 16:42:12 - PHP Notice:  Trying to get property 'connect_error' of non-object in C:\xampp\htdocs\Shop\upload\install\controller\install\step_3.php on line 280
2019-10-27 16:42:21 - PHP Warning:  mysqli::__construct(): (HY000/1045): Access denied for user 'root@localhost'@'localhost' (using password: YES) in C:\xampp\htdocs\Shop\upload\system\library\db\mysqli.php on line 7
2019-10-27 16:42:21 - PHP Warning:  DB\MySQLi::__construct(): Couldn't fetch mysqli in C:\xampp\htdocs\Shop\upload\system\library\db\mysqli.php on line 10
2019-10-27 16:42:21 - PHP Warning:  DB\MySQLi::__construct(): Couldn't fetch mysqli in C:\xampp\htdocs\Shop\upload\system\library\db\mysqli.php on line 10
2019-10-27 16:42:21 - PHP Notice:  Undefined variable: mysql in C:\xampp\htdocs\Shop\upload\install\controller\install\step_3.php on line 280
2019-10-27 16:42:21 - PHP Notice:  Trying to get property 'connect_error' of non-object in C:\xampp\htdocs\Shop\upload\install\controller\install\step_3.php on line 280
2019-10-27 16:42:30 - PHP Warning:  mysqli::__construct(): (HY000/1045): Access denied for user 'sockucom'@'localhost' (using password: YES) in C:\xampp\htdocs\Shop\upload\system\library\db\mysqli.php on line 7
2019-10-27 16:42:30 - PHP Warning:  DB\MySQLi::__construct(): Couldn't fetch mysqli in C:\xampp\htdocs\Shop\upload\system\library\db\mysqli.php on line 10
2019-10-27 16:42:30 - PHP Warning:  DB\MySQLi::__construct(): Couldn't fetch mysqli in C:\xampp\htdocs\Shop\upload\system\library\db\mysqli.php on line 10
2019-10-27 16:42:30 - PHP Notice:  Undefined variable: mysql in C:\xampp\htdocs\Shop\upload\install\controller\install\step_3.php on line 280
2019-10-27 16:42:30 - PHP Notice:  Trying to get property 'connect_error' of non-object in C:\xampp\htdocs\Shop\upload\install\controller\install\step_3.php on line 280
2019-10-27 16:43:40 - PHP Warning:  mysqli::__construct(): (HY000/1045): Access denied for user 'test'@'localhost' (using password: YES) in C:\xampp\htdocs\Shop\upload\system\library\db\mysqli.php on line 7
2019-10-27 16:43:40 - PHP Warning:  DB\MySQLi::__construct(): Couldn't fetch mysqli in C:\xampp\htdocs\Shop\upload\system\library\db\mysqli.php on line 10
2019-10-27 16:43:40 - PHP Warning:  DB\MySQLi::__construct(): Couldn't fetch mysqli in C:\xampp\htdocs\Shop\upload\system\library\db\mysqli.php on line 10
2019-10-27 16:43:40 - PHP Notice:  Undefined variable: mysql in C:\xampp\htdocs\Shop\upload\install\controller\install\step_3.php on line 280
2019-10-27 16:43:40 - PHP Notice:  Trying to get property 'connect_error' of non-object in C:\xampp\htdocs\Shop\upload\install\controller\install\step_3.php on line 280
2019-10-27 16:43:54 - PHP Warning:  mysqli::__construct(): (HY000/1045): Access denied for user 'test'@'localhost' (using password: YES) in C:\xampp\htdocs\Shop\upload\system\library\db\mysqli.php on line 7
2019-10-27 16:43:54 - PHP Warning:  DB\MySQLi::__construct(): Couldn't fetch mysqli in C:\xampp\htdocs\Shop\upload\system\library\db\mysqli.php on line 10
2019-10-27 16:43:54 - PHP Warning:  DB\MySQLi::__construct(): Couldn't fetch mysqli in C:\xampp\htdocs\Shop\upload\system\library\db\mysqli.php on line 10
2019-10-27 16:43:54 - PHP Notice:  Undefined variable: mysql in C:\xampp\htdocs\Shop\upload\install\controller\install\step_3.php on line 280
2019-10-27 16:43:54 - PHP Notice:  Trying to get property 'connect_error' of non-object in C:\xampp\htdocs\Shop\upload\install\controller\install\step_3.php on line 280
2019-10-27 16:44:24 - PHP Warning:  mysqli::__construct(): (HY000/1045): Access denied for user '&amp;lt;username&amp;gt;'@'localhost' (using password: YES) in C:\xampp\htdocs\Shop\upload\system\library\db\mysqli.php on line 7
2019-10-27 16:44:24 - PHP Warning:  DB\MySQLi::__construct(): Couldn't fetch mysqli in C:\xampp\htdocs\Shop\upload\system\library\db\mysqli.php on line 10
2019-10-27 16:44:24 - PHP Warning:  DB\MySQLi::__construct(): Couldn't fetch mysqli in C:\xampp\htdocs\Shop\upload\system\library\db\mysqli.php on line 10
2019-10-27 16:44:24 - PHP Notice:  Undefined variable: mysql in C:\xampp\htdocs\Shop\upload\install\controller\install\step_3.php on line 280
2019-10-27 16:44:24 - PHP Notice:  Trying to get property 'connect_error' of non-object in C:\xampp\htdocs\Shop\upload\install\controller\install\step_3.php on line 280
